[debug] [2026-03-09T17:00:26.860Z] ----------------------------------------------------------------------
[debug] [2026-03-09T17:00:26.862Z] Command:       H:\node.exe C:\Users\HP\AppData\Roaming\npm\node_modules\firebase-tools\lib\bin\firebase.js login:ci --no-localhost
[debug] [2026-03-09T17:00:26.863Z] CLI Version:   15.9.0
[debug] [2026-03-09T17:00:26.863Z] Platform:      win32
[debug] [2026-03-09T17:00:26.863Z] Node Version:  v24.13.1
[debug] [2026-03-09T17:00:26.863Z] Time:          Mon Mar 09 2026 23:00:26 GMT+0600 (Bangladesh Standard Time)
[debug] [2026-03-09T17:00:26.863Z] ----------------------------------------------------------------------
[debug] 
[debug] [2026-03-09T17:00:26.864Z] >>> [apiv2][query] GET https://firebase-public.firebaseio.com/cli.json [none]
[error] 
[error] Error: Cannot run login:ci in non-interactive mode.
[debug] [2026-03-09T17:44:18.854Z] ----------------------------------------------------------------------
[debug] [2026-03-09T17:44:18.856Z] Command:       H:\node.exe C:\Users\HP\AppData\Roaming\npm\node_modules\firebase-tools\lib\bin\firebase.js deploy --only hosting
[debug] [2026-03-09T17:44:18.857Z] CLI Version:   15.9.0
[debug] [2026-03-09T17:44:18.857Z] Platform:      win32
[debug] [2026-03-09T17:44:18.857Z] Node Version:  v24.13.1
[debug] [2026-03-09T17:44:18.857Z] Time:          Mon Mar 09 2026 23:44:18 GMT+0600 (Bangladesh Standard Time)
[debug] [2026-03-09T17:44:18.857Z] ----------------------------------------------------------------------
[debug] 
[debug] [2026-03-09T17:44:18.859Z] >>> [apiv2][query] GET https://firebase-public.firebaseio.com/cli.json [none]
[error] 
[error] Error: Not in a Firebase app directory (could not locate firebase.json)
[debug] [2026-03-09T17:46:47.352Z] ----------------------------------------------------------------------
[debug] [2026-03-09T17:46:47.355Z] Command:       H:\node.exe C:\Users\HP\AppData\Roaming\npm\node_modules\firebase-tools\lib\bin\firebase.js deploy --only hosting
[debug] [2026-03-09T17:46:47.356Z] CLI Version:   15.9.0
[debug] [2026-03-09T17:46:47.356Z] Platform:      win32
[debug] [2026-03-09T17:46:47.356Z] Node Version:  v24.13.1
[debug] [2026-03-09T17:46:47.356Z] Time:          Mon Mar 09 2026 23:46:47 GMT+0600 (Bangladesh Standard Time)
[debug] [2026-03-09T17:46:47.356Z] ----------------------------------------------------------------------
[debug] 
[debug] [2026-03-09T17:46:47.358Z] >>> [apiv2][query] GET https://firebase-public.firebaseio.com/cli.json [none]
[error] 
[error] Error: Not in a Firebase app directory (could not locate firebase.json)
